<?xml version="1.0" encoding="UTF-8"?>
<testsuite xmlns:xsi="http://www.w3.org/2001/XMLSchema-instance" xsi:noNamespaceSchemaLocation="https://maven.apache.org/surefire/maven-surefire-plugin/xsd/surefire-test-report.xsd" name="SampleTest.AppTest" time="0.297" tests="1" errors="1" skipped="0" failures="0">
  <properties>
[...]
</properties>
  <testcase name="shouldAnswerWithTrue" classname="SampleTest.AppTest" time="0.253">
    <error type="java.lang.ExceptionInInitializerError">java.lang.ExceptionInInitializerError
	at SampleTest.AppTest.shouldAnswerWithTrue(AppTest.java:18)
Caused by: groovy.lang.GroovyRuntimeException: Conflicting module versions. Module [groovy-xml is loaded in version 4.0.6 and you are trying to load version 3.0.8
	at SampleTest.AppTest.shouldAnswerWithTrue(AppTest.java:18)
</error>
  </testcase>
</testsuite>